[2025-11-11T12:40:17.373735+01:00] Log.INFO: Start update cache {"php-version":"8.3.27","boxes":{"both":{"0":{"title":"Ankündigungen","component":"Tc\\Admin\\Components\\Dashboard\\NewsWidgetComponent","class":"box-warning news","icon":"fas fa-exclamation-circle","show_always":1,"no_padding":true,"handler":{"Admin\\Components\\Dashboard\\Handler":[]}},"10":{"title":"Bookings","function":["Ext_Thebing_Welcome","bookings"],"right":"thebing_welcome_bookings","handler":{"Admin\\Components\\Dashboard\\Handler":[]},"print":true},"13":{"title":"Agencies","function":["Ext_Thebing_Welcome","agencies"],"right":"thebing_welcome_agencies","handler":{"Admin\\Components\\Dashboard\\Handler":[]}},"16":{"title":"Schüler in der Schule (kursbezogen)","function":["Ext_Thebing_Welcome","getStudentsInSchoolStatistic"],"right":"thebing_welcome_students_course_related","handler":{"Admin\\Components\\Dashboard\\Handler":[]},"print":true},"17":{"title":"Offene Unterkunftszuweisungen","function":["Ext_Thebing_Welcome","getPendingHousingPlacementsStatistic"],"right":"thebing_welcome_pending_housing_placements","handler":{"Admin\\Components\\Dashboard\\Handler":[]},"print":true}},"left":{"10":{"title":"Lizenzinformationen","function":["Admin\\Helper\\Welcome","license"],"handler":{"Admin\\Components\\Dashboard\\Handler":[]}},"30":{"title":"Angemeldete Benutzer","function":["Admin\\Helper\\Welcome","whoisonline"],"right":"whoisonline","cache_time":false,"handler":{"Admin\\Components\\Dashboard\\Handler":[]}}},"right":{"5":{"title":"Students","function":["Ext_Thebing_Welcome","students"],"right":"thebing_welcome_students","handler":{"Admin\\Components\\Dashboard\\Handler":[]}},"6":{"title":"Birthdays","function":["Ext_Thebing_Welcome","birthdays"],"right":"thebing_welcome_birthdays","icon":"fas fa-birthday-cake","object":"\\TsDashboard\\Helper\\Box","handler":{"Admin\\Components\\Dashboard\\Handler":[]}},"7":{"title":"Pending Confirmations","function":["Ext_Thebing_Welcome","pending_confirmations"],"right":"thebing_welcome_pending_confirmations","handler":{"Admin\\Components\\Dashboard\\Handler":[]}},"8":{"title":"Systeminformation","function":["Ext_TC_Welcome","getSystemInfo"],"right":"thebing_welcome_system_information","handler":{"Admin\\Components\\Dashboard\\Handler":[]}},"9":{"title":"Automatischer E-Mail-Abruf","function":["Ext_TC_Welcome","getAutoImapContent"],"right":"thebing_welcome_system_information","handler":{"Admin\\Components\\Dashboard\\Handler":[]}},"10":{"title":"Anfragen und Buchungen","component":"TsDashboard\\Admin\\Components\\EnquiriesAndInquiriesComponent","handler":{"Admin\\Components\\Dashboard\\Handler":[]}},"11":{"title":"Schüler nach Nationalität","component":"TsDashboard\\Admin\\Components\\StudentNationalitiesComponent","handler":{"Admin\\Components\\Dashboard\\Handler":[]}},"12":{"title":"Umgewandelte Anfragen in den letzten 31 Tagen","object":"TsDashboard\\Helper\\ConvertedEnquiries"},"13":{"title":"Schüler aktuell in der Schule","object":"TsDashboard\\Helper\\CurrentStudents"},"20":{"title":"Systemupdates","component":"Admin\\Components\\Dashboard\\SystemUpdateWidgetComponent","right":"update","handler":{"Admin\\Components\\Dashboard\\Handler":[]}},"43":{"title":"Offene Hintergrundaufgaben","function":["Admin\\Helper\\Welcome","getParallelProccessingNotification"],"right":"parallelprocessing","cache_time":false,"handler":{"Admin\\Components\\Dashboard\\Handler":[]}},"50":{"title":"Letzte Aktionen","function":["Admin\\Helper\\Welcome","logs"],"right":"view_logs","cache_time":false,"handler":{"Admin\\Components\\Dashboard\\Handler":[]}}}}} []
[2025-11-11T12:40:17.381469+01:00] Log.INFO: Update cache Ankündigungen ["both","en"] []
[2025-11-11T12:40:18.721323+01:00] Log.INFO: Update cache successful Ankündigungen ["en"] []
[2025-11-11T12:40:18.722408+01:00] Log.INFO: Update cache Ankündigungen ["both","fr"] []
[2025-11-11T12:40:20.087187+01:00] Log.INFO: Update cache successful Ankündigungen ["fr"] []
[2025-11-11T12:40:20.089686+01:00] Log.INFO: Update cache Ankündigungen ["both","de"] []
[2025-11-11T12:40:21.417590+01:00] Log.INFO: Update cache successful Ankündigungen ["de"] []
[2025-11-11T12:40:21.420272+01:00] Log.INFO: Update cache Ankündigungen ["both","it"] []
[2025-11-11T12:40:22.718938+01:00] Log.INFO: Update cache successful Ankündigungen ["it"] []
[2025-11-11T12:40:22.721319+01:00] Log.INFO: Update cache Ankündigungen ["both","es"] []
[2025-11-11T12:40:24.113704+01:00] Log.INFO: Update cache successful Ankündigungen ["es"] []
[2025-11-11T12:40:24.116247+01:00] Log.INFO: Update cache Ankündigungen ["both","tr"] []
[2025-11-11T12:40:25.414735+01:00] Log.INFO: Update cache successful Ankündigungen ["tr"] []
[2025-11-11T12:40:25.417020+01:00] Log.INFO: Update cache Bookings ["both","en"] []
[2025-11-11T12:40:25.426703+01:00] Log.INFO: Update cache successful Bookings ["en"] []
[2025-11-11T12:40:25.427939+01:00] Log.INFO: Update cache Bookings ["both","fr"] []
[2025-11-11T12:40:25.434130+01:00] Log.INFO: Update cache successful Bookings ["fr"] []
[2025-11-11T12:40:25.435124+01:00] Log.INFO: Update cache Bookings ["both","de"] []
[2025-11-11T12:40:25.440941+01:00] Log.INFO: Update cache successful Bookings ["de"] []
[2025-11-11T12:40:25.441817+01:00] Log.INFO: Update cache Bookings ["both","it"] []
[2025-11-11T12:40:25.447018+01:00] Log.INFO: Update cache successful Bookings ["it"] []
[2025-11-11T12:40:25.447878+01:00] Log.INFO: Update cache Bookings ["both","es"] []
[2025-11-11T12:40:25.452986+01:00] Log.INFO: Update cache successful Bookings ["es"] []
[2025-11-11T12:40:25.453853+01:00] Log.INFO: Update cache Bookings ["both","tr"] []
[2025-11-11T12:40:25.458490+01:00] Log.INFO: Update cache successful Bookings ["tr"] []
[2025-11-11T12:40:25.459249+01:00] Log.INFO: Update cache Agencies ["both","en"] []
[2025-11-11T12:40:25.482867+01:00] Log.INFO: Update cache successful Agencies ["en"] []
[2025-11-11T12:40:25.483912+01:00] Log.INFO: Update cache Agencies ["both","fr"] []
[2025-11-11T12:40:25.506021+01:00] Log.INFO: Update cache successful Agencies ["fr"] []
[2025-11-11T12:40:25.506943+01:00] Log.INFO: Update cache Agencies ["both","de"] []
[2025-11-11T12:40:25.527844+01:00] Log.INFO: Update cache successful Agencies ["de"] []
[2025-11-11T12:40:25.528824+01:00] Log.INFO: Update cache Agencies ["both","it"] []
[2025-11-11T12:40:25.546293+01:00] Log.INFO: Update cache successful Agencies ["it"] []
[2025-11-11T12:40:25.547260+01:00] Log.INFO: Update cache Agencies ["both","es"] []
[2025-11-11T12:40:25.571372+01:00] Log.INFO: Update cache successful Agencies ["es"] []
[2025-11-11T12:40:25.572522+01:00] Log.INFO: Update cache Agencies ["both","tr"] []
[2025-11-11T12:40:25.591256+01:00] Log.INFO: Update cache successful Agencies ["tr"] []
[2025-11-11T12:40:25.592216+01:00] Log.INFO: Update cache Schüler in der Schule (kursbezogen) ["both","en"] []
[2025-11-11T12:40:25.600633+01:00] Log.INFO: Update cache successful Schüler in der Schule (kursbezogen) ["en"] []
[2025-11-11T12:40:25.601338+01:00] Log.INFO: Update cache Schüler in der Schule (kursbezogen) ["both","fr"] []
[2025-11-11T12:40:25.603265+01:00] Log.INFO: Update cache successful Schüler in der Schule (kursbezogen) ["fr"] []
[2025-11-11T12:40:25.604022+01:00] Log.INFO: Update cache Schüler in der Schule (kursbezogen) ["both","de"] []
[2025-11-11T12:40:25.605875+01:00] Log.INFO: Update cache successful Schüler in der Schule (kursbezogen) ["de"] []
[2025-11-11T12:40:25.606651+01:00] Log.INFO: Update cache Schüler in der Schule (kursbezogen) ["both","it"] []
[2025-11-11T12:40:25.608464+01:00] Log.INFO: Update cache successful Schüler in der Schule (kursbezogen) ["it"] []
[2025-11-11T12:40:25.609300+01:00] Log.INFO: Update cache Schüler in der Schule (kursbezogen) ["both","es"] []
[2025-11-11T12:40:25.611306+01:00] Log.INFO: Update cache successful Schüler in der Schule (kursbezogen) ["es"] []
[2025-11-11T12:40:25.612179+01:00] Log.INFO: Update cache Schüler in der Schule (kursbezogen) ["both","tr"] []
[2025-11-11T12:40:25.614108+01:00] Log.INFO: Update cache successful Schüler in der Schule (kursbezogen) ["tr"] []
[2025-11-11T12:40:25.615038+01:00] Log.INFO: Update cache Offene Unterkunftszuweisungen ["both","en"] []
[2025-11-11T12:40:25.659410+01:00] Log.INFO: Update cache successful Offene Unterkunftszuweisungen ["en"] []
[2025-11-11T12:40:25.660206+01:00] Log.INFO: Update cache Offene Unterkunftszuweisungen ["both","fr"] []
[2025-11-11T12:40:25.661925+01:00] Log.INFO: Update cache successful Offene Unterkunftszuweisungen ["fr"] []
[2025-11-11T12:40:25.662609+01:00] Log.INFO: Update cache Offene Unterkunftszuweisungen ["both","de"] []
[2025-11-11T12:40:25.664238+01:00] Log.INFO: Update cache successful Offene Unterkunftszuweisungen ["de"] []
[2025-11-11T12:40:25.664904+01:00] Log.INFO: Update cache Offene Unterkunftszuweisungen ["both","it"] []
[2025-11-11T12:40:25.666771+01:00] Log.INFO: Update cache successful Offene Unterkunftszuweisungen ["it"] []
[2025-11-11T12:40:25.667682+01:00] Log.INFO: Update cache Offene Unterkunftszuweisungen ["both","es"] []
[2025-11-11T12:40:25.669710+01:00] Log.INFO: Update cache successful Offene Unterkunftszuweisungen ["es"] []
[2025-11-11T12:40:25.670410+01:00] Log.INFO: Update cache Offene Unterkunftszuweisungen ["both","tr"] []
[2025-11-11T12:40:25.672284+01:00] Log.INFO: Update cache successful Offene Unterkunftszuweisungen ["tr"] []
[2025-11-11T12:40:25.673049+01:00] Log.INFO: Update cache Lizenzinformationen ["left","en"] []
[2025-11-11T12:40:25.674000+01:00] Log.INFO: Update cache successful Lizenzinformationen ["en"] []
[2025-11-11T12:40:25.674669+01:00] Log.INFO: Update cache Lizenzinformationen ["left","fr"] []
[2025-11-11T12:40:25.676529+01:00] Log.INFO: Update cache successful Lizenzinformationen ["fr"] []
[2025-11-11T12:40:25.677263+01:00] Log.INFO: Update cache Lizenzinformationen ["left","de"] []
[2025-11-11T12:40:25.678534+01:00] Log.INFO: Update cache successful Lizenzinformationen ["de"] []
[2025-11-11T12:40:25.679235+01:00] Log.INFO: Update cache Lizenzinformationen ["left","it"] []
[2025-11-11T12:40:25.680988+01:00] Log.INFO: Update cache successful Lizenzinformationen ["it"] []
[2025-11-11T12:40:25.681682+01:00] Log.INFO: Update cache Lizenzinformationen ["left","es"] []
[2025-11-11T12:40:25.683444+01:00] Log.INFO: Update cache successful Lizenzinformationen ["es"] []
[2025-11-11T12:40:25.684289+01:00] Log.INFO: Update cache Lizenzinformationen ["left","tr"] []
[2025-11-11T12:40:25.686140+01:00] Log.INFO: Update cache successful Lizenzinformationen ["tr"] []
[2025-11-11T12:40:25.686860+01:00] Log.INFO: Update cache Angemeldete Benutzer ["left","en"] []
[2025-11-11T12:40:25.688049+01:00] Log.INFO: Update cache successful Angemeldete Benutzer ["en"] []
[2025-11-11T12:40:25.688709+01:00] Log.INFO: Update cache Angemeldete Benutzer ["left","fr"] []
[2025-11-11T12:40:25.689951+01:00] Log.INFO: Update cache successful Angemeldete Benutzer ["fr"] []
[2025-11-11T12:40:25.690643+01:00] Log.INFO: Update cache Angemeldete Benutzer ["left","de"] []
[2025-11-11T12:40:25.691768+01:00] Log.INFO: Update cache successful Angemeldete Benutzer ["de"] []
[2025-11-11T12:40:25.692488+01:00] Log.INFO: Update cache Angemeldete Benutzer ["left","it"] []
[2025-11-11T12:40:25.693608+01:00] Log.INFO: Update cache successful Angemeldete Benutzer ["it"] []
[2025-11-11T12:40:25.694312+01:00] Log.INFO: Update cache Angemeldete Benutzer ["left","es"] []
[2025-11-11T12:40:25.695566+01:00] Log.INFO: Update cache successful Angemeldete Benutzer ["es"] []
[2025-11-11T12:40:25.696396+01:00] Log.INFO: Update cache Angemeldete Benutzer ["left","tr"] []
[2025-11-11T12:40:25.697602+01:00] Log.INFO: Update cache successful Angemeldete Benutzer ["tr"] []
[2025-11-11T12:40:25.698289+01:00] Log.INFO: Update cache Students ["right","en"] []
[2025-11-11T12:40:25.701623+01:00] Log.INFO: Update cache successful Students ["en"] []
[2025-11-11T12:40:25.702309+01:00] Log.INFO: Update cache Students ["right","fr"] []
[2025-11-11T12:40:25.705674+01:00] Log.INFO: Update cache successful Students ["fr"] []
[2025-11-11T12:40:25.706431+01:00] Log.INFO: Update cache Students ["right","de"] []
[2025-11-11T12:40:25.709867+01:00] Log.INFO: Update cache successful Students ["de"] []
[2025-11-11T12:40:25.710640+01:00] Log.INFO: Update cache Students ["right","it"] []
[2025-11-11T12:40:25.713838+01:00] Log.INFO: Update cache successful Students ["it"] []
[2025-11-11T12:40:25.714511+01:00] Log.INFO: Update cache Students ["right","es"] []
[2025-11-11T12:40:25.717662+01:00] Log.INFO: Update cache successful Students ["es"] []
[2025-11-11T12:40:25.718366+01:00] Log.INFO: Update cache Students ["right","tr"] []
[2025-11-11T12:40:25.722259+01:00] Log.INFO: Update cache successful Students ["tr"] []
[2025-11-11T12:40:25.723274+01:00] Log.INFO: Update cache Birthdays ["right","en"] []
[2025-11-11T12:40:25.729952+01:00] Log.INFO: Update cache successful Birthdays [null,"en"] []
[2025-11-11T12:40:25.734822+01:00] Log.INFO: Update cache successful Birthdays [1,"en"] []
[2025-11-11T12:40:25.736402+01:00] Log.INFO: Update cache successful Birthdays [2,"en"] []
[2025-11-11T12:40:25.737108+01:00] Log.INFO: Update cache Birthdays ["right","fr"] []
[2025-11-11T12:40:25.743702+01:00] Log.INFO: Update cache successful Birthdays [null,"fr"] []
[2025-11-11T12:40:25.748445+01:00] Log.INFO: Update cache successful Birthdays [1,"fr"] []
[2025-11-11T12:40:25.750098+01:00] Log.INFO: Update cache successful Birthdays [2,"fr"] []
[2025-11-11T12:40:25.750788+01:00] Log.INFO: Update cache Birthdays ["right","de"] []
[2025-11-11T12:40:25.755119+01:00] Log.INFO: Update cache successful Birthdays [null,"de"] []
[2025-11-11T12:40:25.759538+01:00] Log.INFO: Update cache successful Birthdays [1,"de"] []
[2025-11-11T12:40:25.761280+01:00] Log.INFO: Update cache successful Birthdays [2,"de"] []
[2025-11-11T12:40:25.762040+01:00] Log.INFO: Update cache Birthdays ["right","it"] []
[2025-11-11T12:40:25.766724+01:00] Log.INFO: Update cache successful Birthdays [null,"it"] []
[2025-11-11T12:40:25.771924+01:00] Log.INFO: Update cache successful Birthdays [1,"it"] []
[2025-11-11T12:40:25.773543+01:00] Log.INFO: Update cache successful Birthdays [2,"it"] []
[2025-11-11T12:40:25.774255+01:00] Log.INFO: Update cache Birthdays ["right","es"] []
[2025-11-11T12:40:25.778667+01:00] Log.INFO: Update cache successful Birthdays [null,"es"] []
[2025-11-11T12:40:25.783139+01:00] Log.INFO: Update cache successful Birthdays [1,"es"] []
[2025-11-11T12:40:25.784768+01:00] Log.INFO: Update cache successful Birthdays [2,"es"] []
[2025-11-11T12:40:25.785535+01:00] Log.INFO: Update cache Birthdays ["right","tr"] []
[2025-11-11T12:40:25.790028+01:00] Log.INFO: Update cache successful Birthdays [null,"tr"] []
[2025-11-11T12:40:25.794653+01:00] Log.INFO: Update cache successful Birthdays [1,"tr"] []
[2025-11-11T12:40:25.796291+01:00] Log.INFO: Update cache successful Birthdays [2,"tr"] []
[2025-11-11T12:40:25.797019+01:00] Log.INFO: Update cache Pending Confirmations ["right","en"] []
[2025-11-11T12:40:25.838145+01:00] Log.INFO: Update cache successful Pending Confirmations ["en"] []
[2025-11-11T12:40:25.839193+01:00] Log.INFO: Update cache Pending Confirmations ["right","fr"] []
[2025-11-11T12:40:25.881160+01:00] Log.INFO: Update cache successful Pending Confirmations ["fr"] []
[2025-11-11T12:40:25.882116+01:00] Log.INFO: Update cache Pending Confirmations ["right","de"] []
[2025-11-11T12:40:25.924080+01:00] Log.INFO: Update cache successful Pending Confirmations ["de"] []
[2025-11-11T12:40:25.925063+01:00] Log.INFO: Update cache Pending Confirmations ["right","it"] []
[2025-11-11T12:40:25.967867+01:00] Log.INFO: Update cache successful Pending Confirmations ["it"] []
[2025-11-11T12:40:25.968932+01:00] Log.INFO: Update cache Pending Confirmations ["right","es"] []
[2025-11-11T12:40:26.011000+01:00] Log.INFO: Update cache successful Pending Confirmations ["es"] []
[2025-11-11T12:40:26.011970+01:00] Log.INFO: Update cache Pending Confirmations ["right","tr"] []
[2025-11-11T12:40:26.053524+01:00] Log.INFO: Update cache successful Pending Confirmations ["tr"] []
[2025-11-11T12:40:26.054490+01:00] Log.INFO: Update cache Systeminformation ["right","en"] []
[2025-11-11T12:40:35.696211+01:00] Log.INFO: Update cache successful Systeminformation ["en"] []
[2025-11-11T12:40:35.697710+01:00] Log.INFO: Update cache Systeminformation ["right","fr"] []
[2025-11-11T12:40:35.700335+01:00] Log.INFO: Update cache successful Systeminformation ["fr"] []
[2025-11-11T12:40:35.701089+01:00] Log.INFO: Update cache Systeminformation ["right","de"] []
[2025-11-11T12:40:35.702589+01:00] Log.INFO: Update cache successful Systeminformation ["de"] []
[2025-11-11T12:40:35.703318+01:00] Log.INFO: Update cache Systeminformation ["right","it"] []
[2025-11-11T12:40:35.704974+01:00] Log.INFO: Update cache successful Systeminformation ["it"] []
[2025-11-11T12:40:35.705775+01:00] Log.INFO: Update cache Systeminformation ["right","es"] []
[2025-11-11T12:40:35.707211+01:00] Log.INFO: Update cache successful Systeminformation ["es"] []
[2025-11-11T12:40:35.708075+01:00] Log.INFO: Update cache Systeminformation ["right","tr"] []
[2025-11-11T12:40:35.709671+01:00] Log.INFO: Update cache successful Systeminformation ["tr"] []
[2025-11-11T12:40:35.710374+01:00] Log.INFO: Update cache Automatischer E-Mail-Abruf ["right","en"] []
[2025-11-11T12:40:43.508324+01:00] Log.INFO: Update cache successful Automatischer E-Mail-Abruf ["en"] []
[2025-11-11T12:40:43.512008+01:00] Log.INFO: Update cache Automatischer E-Mail-Abruf ["right","fr"] []
[2025-11-11T12:40:43.563192+01:00] Log.INFO: Update cache successful Automatischer E-Mail-Abruf ["fr"] []
[2025-11-11T12:40:43.566373+01:00] Log.INFO: Update cache Automatischer E-Mail-Abruf ["right","de"] []
[2025-11-11T12:40:43.619900+01:00] Log.INFO: Update cache successful Automatischer E-Mail-Abruf ["de"] []
[2025-11-11T12:40:43.623929+01:00] Log.INFO: Update cache Automatischer E-Mail-Abruf ["right","it"] []
[2025-11-11T12:40:43.674684+01:00] Log.INFO: Update cache successful Automatischer E-Mail-Abruf ["it"] []
[2025-11-11T12:40:43.677837+01:00] Log.INFO: Update cache Automatischer E-Mail-Abruf ["right","es"] []
[2025-11-11T12:40:55.452837+01:00] Log.INFO: Update cache successful Automatischer E-Mail-Abruf ["es"] []
[2025-11-11T12:40:55.458246+01:00] Log.INFO: Update cache Automatischer E-Mail-Abruf ["right","tr"] []
[2025-11-11T12:40:55.509034+01:00] Log.INFO: Update cache successful Automatischer E-Mail-Abruf ["tr"] []
[2025-11-11T12:40:55.513115+01:00] Log.INFO: Update cache Anfragen und Buchungen ["right","en"] []
[2025-11-11T12:40:55.526039+01:00] Log.INFO: Update cache successful Anfragen und Buchungen ["en"] []
[2025-11-11T12:40:55.527664+01:00] Log.INFO: Update cache Anfragen und Buchungen ["right","fr"] []
[2025-11-11T12:40:55.530848+01:00] Log.INFO: Update cache successful Anfragen und Buchungen ["fr"] []
[2025-11-11T12:40:55.532091+01:00] Log.INFO: Update cache Anfragen und Buchungen ["right","de"] []
[2025-11-11T12:40:55.534655+01:00] Log.INFO: Update cache successful Anfragen und Buchungen ["de"] []
[2025-11-11T12:40:55.535878+01:00] Log.INFO: Update cache Anfragen und Buchungen ["right","it"] []
[2025-11-11T12:40:55.539190+01:00] Log.INFO: Update cache successful Anfragen und Buchungen ["it"] []
[2025-11-11T12:40:55.540253+01:00] Log.INFO: Update cache Anfragen und Buchungen ["right","es"] []
[2025-11-11T12:40:55.542642+01:00] Log.INFO: Update cache successful Anfragen und Buchungen ["es"] []
[2025-11-11T12:40:55.543719+01:00] Log.INFO: Update cache Anfragen und Buchungen ["right","tr"] []
[2025-11-11T12:40:55.546298+01:00] Log.INFO: Update cache successful Anfragen und Buchungen ["tr"] []
[2025-11-11T12:40:55.547580+01:00] Log.INFO: Update cache Schüler nach Nationalität ["right","en"] []
[2025-11-11T12:40:55.562103+01:00] Log.INFO: Update cache successful Schüler nach Nationalität ["en"] []
[2025-11-11T12:40:55.563025+01:00] Log.INFO: Update cache Schüler nach Nationalität ["right","fr"] []
[2025-11-11T12:40:55.569365+01:00] Log.INFO: Update cache successful Schüler nach Nationalität ["fr"] []
[2025-11-11T12:40:55.570187+01:00] Log.INFO: Update cache Schüler nach Nationalität ["right","de"] []
[2025-11-11T12:40:55.571824+01:00] Log.INFO: Update cache successful Schüler nach Nationalität ["de"] []
[2025-11-11T12:40:55.572745+01:00] Log.INFO: Update cache Schüler nach Nationalität ["right","it"] []
[2025-11-11T12:40:55.578449+01:00] Log.INFO: Update cache successful Schüler nach Nationalität ["it"] []
[2025-11-11T12:40:55.579253+01:00] Log.INFO: Update cache Schüler nach Nationalität ["right","es"] []
[2025-11-11T12:40:55.584340+01:00] Log.INFO: Update cache successful Schüler nach Nationalität ["es"] []
[2025-11-11T12:40:55.585192+01:00] Log.INFO: Update cache Schüler nach Nationalität ["right","tr"] []
[2025-11-11T12:40:55.589983+01:00] Log.INFO: Update cache successful Schüler nach Nationalität ["tr"] []
[2025-11-11T12:40:55.591117+01:00] Log.INFO: Update cache Umgewandelte Anfragen in den letzten 31 Tagen ["right","en"] []
[2025-11-11T12:40:55.593797+01:00] Log.INFO: Update cache successful Umgewandelte Anfragen in den letzten 31 Tagen [null,"en"] []
[2025-11-11T12:40:55.596437+01:00] Log.INFO: Update cache successful Umgewandelte Anfragen in den letzten 31 Tagen [1,"en"] []
[2025-11-11T12:40:55.597566+01:00] Log.INFO: Update cache successful Umgewandelte Anfragen in den letzten 31 Tagen [2,"en"] []
[2025-11-11T12:40:55.598352+01:00] Log.INFO: Update cache Umgewandelte Anfragen in den letzten 31 Tagen ["right","fr"] []
[2025-11-11T12:40:55.601129+01:00] Log.INFO: Update cache successful Umgewandelte Anfragen in den letzten 31 Tagen [null,"fr"] []
[2025-11-11T12:40:55.603914+01:00] Log.INFO: Update cache successful Umgewandelte Anfragen in den letzten 31 Tagen [1,"fr"] []
[2025-11-11T12:40:55.605044+01:00] Log.INFO: Update cache successful Umgewandelte Anfragen in den letzten 31 Tagen [2,"fr"] []
[2025-11-11T12:40:55.605843+01:00] Log.INFO: Update cache Umgewandelte Anfragen in den letzten 31 Tagen ["right","de"] []
[2025-11-11T12:40:55.608428+01:00] Log.INFO: Update cache successful Umgewandelte Anfragen in den letzten 31 Tagen [null,"de"] []
[2025-11-11T12:40:55.611296+01:00] Log.INFO: Update cache successful Umgewandelte Anfragen in den letzten 31 Tagen [1,"de"] []
[2025-11-11T12:40:55.613186+01:00] Log.INFO: Update cache successful Umgewandelte Anfragen in den letzten 31 Tagen [2,"de"] []
[2025-11-11T12:40:55.614137+01:00] Log.INFO: Update cache Umgewandelte Anfragen in den letzten 31 Tagen ["right","it"] []
[2025-11-11T12:40:55.616749+01:00] Log.INFO: Update cache successful Umgewandelte Anfragen in den letzten 31 Tagen [null,"it"] []
[2025-11-11T12:40:55.619455+01:00] Log.INFO: Update cache successful Umgewandelte Anfragen in den letzten 31 Tagen [1,"it"] []
[2025-11-11T12:40:55.620744+01:00] Log.INFO: Update cache successful Umgewandelte Anfragen in den letzten 31 Tagen [2,"it"] []
[2025-11-11T12:40:55.621468+01:00] Log.INFO: Update cache Umgewandelte Anfragen in den letzten 31 Tagen ["right","es"] []
[2025-11-11T12:40:55.624340+01:00] Log.INFO: Update cache successful Umgewandelte Anfragen in den letzten 31 Tagen [null,"es"] []
[2025-11-11T12:40:55.627188+01:00] Log.INFO: Update cache successful Umgewandelte Anfragen in den letzten 31 Tagen [1,"es"] []
[2025-11-11T12:40:55.628461+01:00] Log.INFO: Update cache successful Umgewandelte Anfragen in den letzten 31 Tagen [2,"es"] []
[2025-11-11T12:40:55.629607+01:00] Log.INFO: Update cache Umgewandelte Anfragen in den letzten 31 Tagen ["right","tr"] []
[2025-11-11T12:40:55.632842+01:00] Log.INFO: Update cache successful Umgewandelte Anfragen in den letzten 31 Tagen [null,"tr"] []
[2025-11-11T12:40:55.636042+01:00] Log.INFO: Update cache successful Umgewandelte Anfragen in den letzten 31 Tagen [1,"tr"] []
[2025-11-11T12:40:55.638080+01:00] Log.INFO: Update cache successful Umgewandelte Anfragen in den letzten 31 Tagen [2,"tr"] []
[2025-11-11T12:40:55.639461+01:00] Log.INFO: Update cache Schüler aktuell in der Schule ["right","en"] []
[2025-11-11T12:40:55.641101+01:00] Log.INFO: Update cache successful Schüler aktuell in der Schule [null,"en"] []
[2025-11-11T12:40:55.642563+01:00] Log.INFO: Update cache successful Schüler aktuell in der Schule [1,"en"] []
[2025-11-11T12:40:55.643639+01:00] Log.INFO: Update cache successful Schüler aktuell in der Schule [2,"en"] []
[2025-11-11T12:40:55.644585+01:00] Log.INFO: Update cache Schüler aktuell in der Schule ["right","fr"] []
[2025-11-11T12:40:55.647317+01:00] Log.INFO: Update cache successful Schüler aktuell in der Schule [null,"fr"] []
[2025-11-11T12:40:55.649060+01:00] Log.INFO: Update cache successful Schüler aktuell in der Schule [1,"fr"] []
[2025-11-11T12:40:55.650195+01:00] Log.INFO: Update cache successful Schüler aktuell in der Schule [2,"fr"] []
[2025-11-11T12:40:55.650922+01:00] Log.INFO: Update cache Schüler aktuell in der Schule ["right","de"] []
[2025-11-11T12:40:55.652126+01:00] Log.INFO: Update cache successful Schüler aktuell in der Schule [null,"de"] []
[2025-11-11T12:40:55.653541+01:00] Log.INFO: Update cache successful Schüler aktuell in der Schule [1,"de"] []
[2025-11-11T12:40:55.655302+01:00] Log.INFO: Update cache successful Schüler aktuell in der Schule [2,"de"] []
[2025-11-11T12:40:55.656380+01:00] Log.INFO: Update cache Schüler aktuell in der Schule ["right","it"] []
[2025-11-11T12:40:55.657864+01:00] Log.INFO: Update cache successful Schüler aktuell in der Schule [null,"it"] []
[2025-11-11T12:40:55.659512+01:00] Log.INFO: Update cache successful Schüler aktuell in der Schule [1,"it"] []
[2025-11-11T12:40:55.660612+01:00] Log.INFO: Update cache successful Schüler aktuell in der Schule [2,"it"] []
[2025-11-11T12:40:55.661381+01:00] Log.INFO: Update cache Schüler aktuell in der Schule ["right","es"] []
[2025-11-11T12:40:55.662905+01:00] Log.INFO: Update cache successful Schüler aktuell in der Schule [null,"es"] []
[2025-11-11T12:40:55.664975+01:00] Log.INFO: Update cache successful Schüler aktuell in der Schule [1,"es"] []
[2025-11-11T12:40:55.666145+01:00] Log.INFO: Update cache successful Schüler aktuell in der Schule [2,"es"] []
[2025-11-11T12:40:55.666902+01:00] Log.INFO: Update cache Schüler aktuell in der Schule ["right","tr"] []
[2025-11-11T12:40:55.668072+01:00] Log.INFO: Update cache successful Schüler aktuell in der Schule [null,"tr"] []
[2025-11-11T12:40:55.669671+01:00] Log.INFO: Update cache successful Schüler aktuell in der Schule [1,"tr"] []
[2025-11-11T12:40:55.670913+01:00] Log.INFO: Update cache successful Schüler aktuell in der Schule [2,"tr"] []
[2025-11-11T12:40:55.671680+01:00] Log.INFO: Update cache Systemupdates ["right","en"] []
[2025-11-11T12:41:00.822200+01:00] Log.INFO: Update cache successful Systemupdates ["en"] []
[2025-11-11T12:41:00.823763+01:00] Log.INFO: Update cache Systemupdates ["right","fr"] []
[2025-11-11T12:41:05.649992+01:00] Log.INFO: Update cache successful Systemupdates ["fr"] []
[2025-11-11T12:41:05.652392+01:00] Log.INFO: Update cache Systemupdates ["right","de"] []
[2025-11-11T12:41:12.516873+01:00] Log.INFO: Update cache successful Systemupdates ["de"] []
[2025-11-11T12:41:12.519421+01:00] Log.INFO: Update cache Systemupdates ["right","it"] []
[2025-11-11T12:41:17.312414+01:00] Log.INFO: Update cache successful Systemupdates ["it"] []
[2025-11-11T12:41:17.313992+01:00] Log.INFO: Update cache Systemupdates ["right","es"] []
[2025-11-11T12:41:21.920548+01:00] Log.INFO: Update cache successful Systemupdates ["es"] []
[2025-11-11T12:41:21.923174+01:00] Log.INFO: Update cache Systemupdates ["right","tr"] []
[2025-11-11T12:41:26.639765+01:00] Log.INFO: Update cache successful Systemupdates ["tr"] []
[2025-11-11T12:41:26.642350+01:00] Log.INFO: Update cache Offene Hintergrundaufgaben ["right","en"] []
[2025-11-11T12:41:26.646437+01:00] Log.INFO: Update cache successful Offene Hintergrundaufgaben ["en"] []
[2025-11-11T12:41:26.648611+01:00] Log.INFO: Update cache Offene Hintergrundaufgaben ["right","fr"] []
[2025-11-11T12:41:26.651093+01:00] Log.INFO: Update cache successful Offene Hintergrundaufgaben ["fr"] []
[2025-11-11T12:41:26.652660+01:00] Log.INFO: Update cache Offene Hintergrundaufgaben ["right","de"] []
[2025-11-11T12:41:26.655500+01:00] Log.INFO: Update cache successful Offene Hintergrundaufgaben ["de"] []
[2025-11-11T12:41:26.656489+01:00] Log.INFO: Update cache Offene Hintergrundaufgaben ["right","it"] []
[2025-11-11T12:41:26.658496+01:00] Log.INFO: Update cache successful Offene Hintergrundaufgaben ["it"] []
[2025-11-11T12:41:26.659530+01:00] Log.INFO: Update cache Offene Hintergrundaufgaben ["right","es"] []
[2025-11-11T12:41:26.662195+01:00] Log.INFO: Update cache successful Offene Hintergrundaufgaben ["es"] []
[2025-11-11T12:41:26.663506+01:00] Log.INFO: Update cache Offene Hintergrundaufgaben ["right","tr"] []
[2025-11-11T12:41:26.665679+01:00] Log.INFO: Update cache successful Offene Hintergrundaufgaben ["tr"] []
[2025-11-11T12:41:26.666740+01:00] Log.INFO: Update cache Letzte Aktionen ["right","en"] []
[2025-11-11T12:41:26.678935+01:00] Log.INFO: Update cache successful Letzte Aktionen ["en"] []
[2025-11-11T12:41:26.680079+01:00] Log.INFO: Update cache Letzte Aktionen ["right","fr"] []
[2025-11-11T12:41:26.688226+01:00] Log.INFO: Update cache successful Letzte Aktionen ["fr"] []
[2025-11-11T12:41:26.689341+01:00] Log.INFO: Update cache Letzte Aktionen ["right","de"] []
[2025-11-11T12:41:26.690671+01:00] Log.INFO: Update cache successful Letzte Aktionen ["de"] []
[2025-11-11T12:41:26.691582+01:00] Log.INFO: Update cache Letzte Aktionen ["right","it"] []
[2025-11-11T12:41:26.699461+01:00] Log.INFO: Update cache successful Letzte Aktionen ["it"] []
[2025-11-11T12:41:26.700327+01:00] Log.INFO: Update cache Letzte Aktionen ["right","es"] []
[2025-11-11T12:41:26.707892+01:00] Log.INFO: Update cache successful Letzte Aktionen ["es"] []
[2025-11-11T12:41:26.708734+01:00] Log.INFO: Update cache Letzte Aktionen ["right","tr"] []
[2025-11-11T12:41:26.715766+01:00] Log.INFO: Update cache successful Letzte Aktionen ["tr"] []
[2025-11-11T12:41:26.716561+01:00] Log.INFO: End update cache [] []
